Mplus VERSION 8.10
MUTHEN & MUTHEN
04/22/2026   4:51 PM

INPUT INSTRUCTIONS

  DATA:   FILE = application_example.dat;
    VARIABLE:
        names = ID SA11-SA18
                   SA21-SA28
                   SA31-SA38
                   LS11-LS15
                   LS21-LS25
                   LS31-LS35;

      USEVARIABLES =
                     LS11-LS15

                     LS21-LS25

                     LS31-LS35
                     ;

    analysis:
    estimator = ml;
    RITERATIONS = 5000;
    !STARTS = 500;

  MODEL:
      ! Factor loadings — free all with *, label all (effects coding identifies scale)
      LS1 BY LS11* (L1_1)
             LS12  (L1_2)
             LS13  (L1_3)
             LS14  (L1_4)
             LS15  (L1_5);

      LS2 BY LS21* (L2_1)
             LS22  (L2_2)
             LS23  (L2_3)
             LS24  (L2_4)
             LS25  (L2_5);

      LS3 BY LS31* (L3_1)
             LS32  (L3_2)
             LS33  (L3_3)
             LS34  (L3_4)
             LS35  (L3_5);

      ! Factor variances (freely estimated under effects coding)
      LS1 (v1);
      LS2 (v2);
      LS3 (v3);

      ! Factor correlations
      LS1 WITH LS2;
      LS1 WITH LS3;
      LS2 WITH LS3;

      ! Indicator residual variances
      LS11 (r1_1); LS12 (r1_2); LS13 (r1_3); LS14 (r1_4); LS15 (r1_5);
      LS21 (r2_1); LS22 (r2_2); LS23 (r2_3); LS24 (r2_4); LS25 (r2_5);
      LS31 (r3_1); LS32 (r3_2); LS33 (r3_3); LS34 (r3_4); LS35 (r3_5);

      ! Correlated uniquenesses for LS (all waves)
      LS11 WITH LS21 LS31;
      LS21 WITH LS31;

      LS12 WITH LS22 LS32;
      LS22 WITH LS32;

      LS13 WITH LS23 LS33;
      LS23 WITH LS33;

      LS14 WITH LS24 LS34;
      LS24 WITH LS34;

      LS15 WITH LS25 LS35;
      LS25 WITH LS35;

  MODEL CONSTRAINT:
      ! Effects coding: sum of loadings = 5 per factor (average = 1)
      ! Implemented by solving for the first loading from the others
      L1_1 = 5 - L1_2 - L1_3 - L1_4 - L1_5;
      L2_1 = 5 - L2_2 - L2_3 - L2_4 - L2_5;
      L3_1 = 5 - L3_2 - L3_3 - L3_4 - L3_5;

      NEW(sumload1 sumload2 sumload3
          sumresid1 sumresid2 sumresid3
          omega_LS1 omega_LS2 omega_LS3);

      ! Sum of loadings per factor (equals 5 by construction, computed explicitly)
      sumload1 = L1_1 + L1_2 + L1_3 + L1_4 + L1_5;
      sumload2 = L2_1 + L2_2 + L2_3 + L2_4 + L2_5;
      sumload3 = L3_1 + L3_2 + L3_3 + L3_4 + L3_5;

      ! Sum of within-wave residual variances
      sumresid1 = r1_1 + r1_2 + r1_3 + r1_4 + r1_5;
      sumresid2 = r2_1 + r2_2 + r2_3 + r2_4 + r2_5;
      sumresid3 = r3_1 + r3_2 + r3_3 + r3_4 + r3_5;

      ! Omega (McDonald, 1999) — one per wave
      omega_LS1 = (sumload1**2) * v1 / ((sumload1**2) * v1 + sumresid1);
      omega_LS2 = (sumload2**2) * v2 / ((sumload2**2) * v2 + sumresid2);
      omega_LS3 = (sumload3**2) * v3 / ((sumload3**2) * v3 + sumresid3);

    OUTPUT: tech1 tech4 stdyx residual cinterval;



INPUT READING TERMINATED NORMALLY




SUMMARY OF ANALYSIS

Number of groups                                                 1
Number of observations                                        2374

Number of dependent variables                                   15
Number of independent variables                                  0
Number of continuous latent variables                            3

Observed dependent variables

  Continuous
   LS11        LS12        LS13        LS14        LS15        LS21
   LS22        LS23        LS24        LS25        LS31        LS32
   LS33        LS34        LS35

Continuous latent variables
   LS1         LS2         LS3


Estimator                                                       ML
Information matrix                                        OBSERVED
Maximum number of iterations                                  1000
Convergence criterion                                    0.500D-04
Maximum number of steepest descent iterations                   20

Input data file(s)
  application_example.dat

Input data format  FREE



UNIVARIATE SAMPLE STATISTICS


     UNIVARIATE HIGHER-ORDER MOMENT DESCRIPTIVE STATISTICS

         Variable/         Mean/     Skewness/   Minimum/ % with                Percentiles
        Sample Size      Variance    Kurtosis    Maximum  Min/Max      20%/60%    40%/80%    Median

     LS11                  4.807      -0.679       1.000    6.87%       3.000      5.000      5.000
            2374.000       3.220      -0.620       7.000   16.05%       6.000      6.000
     LS12                  4.828      -0.677       1.000    6.49%       3.000      5.000      5.000
            2374.000       3.272      -0.681       7.000   16.72%       6.000      6.000
     LS13                  5.391      -1.130       1.000    4.25%       4.000      6.000      6.000
            2374.000       2.980       0.216       7.000   30.20%       6.000      7.000
     LS14                  5.461      -1.230       1.000    3.96%       4.000      6.000      6.000
            2374.000       2.706       0.673       7.000   30.24%       6.000      7.000
     LS15                  4.329      -0.295       1.000   12.76%       2.000      4.000      5.000
            2374.000       4.095      -1.276       7.000   14.74%       5.000      6.000
     LS21                  5.138      -0.979       1.000    5.39%       4.000      5.000      6.000
            2374.000       2.934      -0.008       7.000   20.22%       6.000      7.000
     LS22                  5.147      -0.950       1.000    4.93%       4.000      5.000      6.000
            2374.000       2.922      -0.077       7.000   21.19%       6.000      7.000
     LS23                  5.611      -1.410       1.000    3.88%       5.000      6.000      6.000
            2374.000       2.630       1.165       7.000   34.71%       6.000      7.000
     LS24                  5.670      -1.448       1.000    3.03%       5.000      6.000      6.000
            2374.000       2.352       1.501       7.000   34.96%       6.000      7.000
     LS25                  4.610      -0.512       1.000    9.98%       2.000      5.000      5.000
            2374.000       3.874      -1.056       7.000   17.19%       6.000      6.000
     LS31                  4.922      -0.797       1.000    6.36%       3.000      5.000      6.000
            2374.000       3.094      -0.382       7.000   16.93%       6.000      6.000
     LS32                  4.923      -0.734       1.000    5.77%       3.000      5.000      5.000
            2374.000       3.166      -0.544       7.000   18.62%       6.000      6.000
     LS33                  5.466      -1.208       1.000    4.30%       4.000      6.000      6.000
            2374.000       2.779       0.603       7.000   32.01%       6.000      7.000
     LS34                  5.632      -1.391       1.000    3.03%       5.000      6.000      6.000
            2374.000       2.394       1.301       7.000   34.08%       6.000      7.000
     LS35                  4.581      -0.450       1.000    9.69%       2.000      4.000      5.000
            2374.000       3.899      -1.119       7.000   17.82%       6.000      6.000


THE MODEL ESTIMATION TERMINATED NORMALLY



MODEL FIT INFORMATION

Number of Free Parameters                       63

Loglikelihood

          H0 Value                      -58298.644
          H1 Value                      -57758.897

Information Criteria

          Akaike (AIC)                  116723.288
          Bayesian (BIC)                117086.945
          Sample-Size Adjusted BIC      116886.781
            (n* = (n + 2) / 24)

Chi-Square Test of Model Fit

          Value                           1079.494
          Degrees of Freedom                    72
          P-Value                           0.0000

RMSEA (Root Mean Square Error Of Approximation)

          Estimate                           0.077
          90 Percent C.I.                    0.073  0.081
          Probability RMSEA <= .05           0.000

CFI/TLI

          CFI                                0.960
          TLI                                0.941

Chi-Square Test of Model Fit for the Baseline Model

          Value                          25219.977
          Degrees of Freedom                   105
          P-Value                           0.0000

SRMR (Standardized Root Mean Square Residual)

          Value                              0.043



MODEL RESULTS

                                                    Two-Tailed
                    Estimate       S.E.  Est./S.E.    P-Value

 LS1      BY
    LS11               1.079      0.014     76.000      0.000
    LS12               1.160      0.013     87.455      0.000
    LS13               1.099      0.013     85.990      0.000
    LS14               0.863      0.015     57.271      0.000
    LS15               0.799      0.020     39.408      0.000

 LS2      BY
    LS21               1.060      0.014     74.004      0.000
    LS22               1.149      0.013     88.154      0.000
    LS23               1.083      0.013     86.189      0.000
    LS24               0.861      0.014     59.574      0.000
    LS25               0.848      0.020     41.831      0.000

 LS3      BY
    LS31               1.089      0.015     72.434      0.000
    LS32               1.158      0.014     80.959      0.000
    LS33               1.088      0.013     80.833      0.000
    LS34               0.856      0.015     56.839      0.000
    LS35               0.808      0.021     38.597      0.000

 LS1      WITH
    LS2                1.071      0.048     22.384      0.000
    LS3                0.926      0.047     19.824      0.000

 LS2      WITH
    LS3                1.010      0.046     22.016      0.000

 LS11     WITH
    LS21               0.208      0.025      8.452      0.000
    LS31               0.107      0.025      4.259      0.000

 LS21     WITH
    LS31               0.149      0.025      6.074      0.000

 LS12     WITH
    LS22               0.073      0.020      3.697      0.000
    LS32               0.100      0.022      4.619      0.000

 LS22     WITH
    LS32               0.075      0.020      3.702      0.000

 LS13     WITH
    LS23               0.123      0.019      6.488      0.000
    LS33               0.061      0.020      3.076      0.002

 LS23     WITH
    LS33               0.085      0.019      4.609      0.000

 LS14     WITH
    LS24               0.263      0.026      9.945      0.000
    LS34               0.221      0.027      8.166      0.000

 LS24     WITH
    LS34               0.243      0.025      9.671      0.000

 LS15     WITH
    LS25               0.899      0.058     15.488      0.000
    LS35               0.968      0.060     16.099      0.000

 LS25     WITH
    LS35               0.904      0.058     15.673      0.000

 Intercepts
    LS11               4.807      0.037    130.621      0.000
    LS12               4.828      0.037    129.758      0.000
    LS13               5.391      0.036    151.442      0.000
    LS14               5.461      0.033    163.292      0.000
    LS15               4.329      0.040    107.254      0.000
    LS21               5.138      0.035    146.434      0.000
    LS22               5.147      0.035    146.635      0.000
    LS23               5.611      0.033    167.643      0.000
    LS24               5.670      0.031    180.828      0.000
    LS25               4.610      0.039    116.819      0.000
    LS31               4.922      0.036    136.318      0.000
    LS32               4.923      0.037    134.849      0.000
    LS33               5.466      0.034    159.591      0.000
    LS34               5.632      0.032    177.280      0.000
    LS35               4.581      0.040    114.885      0.000

 Variances
    LS1                1.940      0.063     30.693      0.000
    LS2                1.769      0.058     30.721      0.000
    LS3                1.790      0.059     30.488      0.000

 Residual Variances
    LS11               0.959      0.036     26.801      0.000
    LS12               0.677      0.031     21.888      0.000
    LS13               0.666      0.029     22.768      0.000
    LS14               1.210      0.040     30.102      0.000
    LS15               2.629      0.081     32.662      0.000
    LS21               0.937      0.034     27.756      0.000
    LS22               0.590      0.027     21.911      0.000
    LS23               0.586      0.025     23.367      0.000
    LS24               1.023      0.034     30.085      0.000
    LS25               2.425      0.075     32.543      0.000
    LS31               0.972      0.037     26.369      0.000
    LS32               0.764      0.033     22.951      0.000
    LS33               0.666      0.029     22.808      0.000
    LS34               1.083      0.037     29.653      0.000
    LS35               2.605      0.080     32.718      0.000

New/Additional Parameters
    SUMLOAD1           5.000      0.000      0.000      1.000
    SUMLOAD2           5.000      0.000  *********      0.000
    SUMLOAD3           5.000      0.000  *********      0.000
    SUMRESID           6.141      0.099     61.974      0.000
    SUMRESID           5.562      0.090     61.504      0.000
    SUMRESID           6.090      0.098     62.416      0.000
    OMEGA_LS           0.888      0.004    239.164      0.000
    OMEGA_LS           0.888      0.004    240.832      0.000
    OMEGA_LS           0.880      0.004    224.331      0.000


QUALITY OF NUMERICAL RESULTS

     Condition Number for the Information Matrix              0.295E-04
       (ratio of smallest to largest eigenvalue)


STANDARDIZED MODEL RESULTS


STDYX Standardization

                                                    Two-Tailed
                    Estimate       S.E.  Est./S.E.    P-Value

 LS1      BY
    LS11               0.838      0.007    113.583      0.000
    LS12               0.891      0.006    152.796      0.000
    LS13               0.882      0.006    145.216      0.000
    LS14               0.738      0.011     69.674      0.000
    LS15               0.566      0.015     38.424      0.000

 LS2      BY
    LS21               0.824      0.008    106.529      0.000
    LS22               0.893      0.006    156.016      0.000
    LS23               0.883      0.006    149.130      0.000
    LS24               0.749      0.010     74.383      0.000
    LS25               0.587      0.014     41.221      0.000

 LS3      BY
    LS31               0.828      0.008    104.827      0.000
    LS32               0.871      0.007    130.496      0.000
    LS33               0.872      0.007    131.602      0.000
    LS34               0.740      0.011     70.269      0.000
    LS35               0.557      0.015     37.705      0.000

 LS1      WITH
    LS2                0.578      0.015     37.633      0.000
    LS3                0.497      0.017     28.705      0.000

 LS2      WITH
    LS3                0.568      0.016     36.071      0.000

 LS11     WITH
    LS21               0.219      0.024      9.134      0.000
    LS31               0.110      0.025      4.355      0.000

 LS21     WITH
    LS31               0.156      0.025      6.331      0.000

 LS12     WITH
    LS22               0.116      0.030      3.838      0.000
    LS32               0.139      0.029      4.786      0.000

 LS22     WITH
    LS32               0.112      0.029      3.813      0.000

 LS13     WITH
    LS23               0.196      0.028      6.947      0.000
    LS33               0.091      0.029      3.137      0.002

 LS23     WITH
    LS33               0.137      0.029      4.786      0.000

 LS14     WITH
    LS24               0.237      0.022     10.869      0.000
    LS34               0.193      0.022      8.643      0.000

 LS24     WITH
    LS34               0.230      0.022     10.485      0.000

 LS15     WITH
    LS25               0.356      0.019     18.849      0.000
    LS35               0.370      0.019     19.853      0.000

 LS25     WITH
    LS35               0.360      0.019     19.116      0.000

 Intercepts
    LS11               2.681      0.044     61.218      0.000
    LS12               2.663      0.044     60.863      0.000
    LS13               3.108      0.050     62.638      0.000
    LS14               3.351      0.052     64.488      0.000
    LS15               2.201      0.036     60.514      0.000
    LS21               3.005      0.048     62.742      0.000
    LS22               3.010      0.048     62.413      0.000
    LS23               3.441      0.054     63.656      0.000
    LS24               3.711      0.057     65.270      0.000
    LS25               2.398      0.039     61.758      0.000
    LS31               2.798      0.045     61.640      0.000
    LS32               2.768      0.045     61.455      0.000
    LS33               3.275      0.052     63.281      0.000
    LS34               3.638      0.056     64.777      0.000
    LS35               2.358      0.039     61.197      0.000

 Variances
    LS1                1.000      0.000    999.000    999.000
    LS2                1.000      0.000    999.000    999.000
    LS3                1.000      0.000    999.000    999.000

 Residual Variances
    LS11               0.298      0.012     24.144      0.000
    LS12               0.206      0.010     19.808      0.000
    LS13               0.221      0.011     20.632      0.000
    LS14               0.456      0.016     29.184      0.000
    LS15               0.680      0.017     40.773      0.000
    LS21               0.320      0.013     25.115      0.000
    LS22               0.202      0.010     19.723      0.000
    LS23               0.220      0.010     21.085      0.000
    LS24               0.439      0.015     29.048      0.000
    LS25               0.656      0.017     39.293      0.000
    LS31               0.314      0.013     23.984      0.000
    LS32               0.241      0.012     20.753      0.000
    LS33               0.239      0.012     20.666      0.000
    LS34               0.452      0.016     28.990      0.000
    LS35               0.690      0.016     42.011      0.000


R-SQUARE

    Observed                                        Two-Tailed
    Variable        Estimate       S.E.  Est./S.E.    P-Value

    LS11               0.702      0.012     56.791      0.000
    LS12               0.794      0.010     76.398      0.000
    LS13               0.779      0.011     72.608      0.000
    LS14               0.544      0.016     34.837      0.000
    LS15               0.320      0.017     19.212      0.000
    LS21               0.680      0.013     53.265      0.000
    LS22               0.798      0.010     78.008      0.000
    LS23               0.780      0.010     74.565      0.000
    LS24               0.561      0.015     37.192      0.000
    LS25               0.344      0.017     20.610      0.000
    LS31               0.686      0.013     52.414      0.000
    LS32               0.759      0.012     65.248      0.000
    LS33               0.761      0.012     65.801      0.000
    LS34               0.548      0.016     35.134      0.000
    LS35               0.310      0.016     18.852      0.000


CONFIDENCE INTERVALS OF MODEL RESULTS

                  Lower .5%  Lower 2.5%    Lower 5%    Estimate    Upper 5%  Upper 2.5%   Upper .5%

 LS1      BY
    LS11             1.042       1.051       1.055       1.079       1.102       1.106       1.115
    LS12             1.126       1.134       1.138       1.160       1.182       1.186       1.194
    LS13             1.066       1.074       1.078       1.099       1.120       1.124       1.132
    LS14             0.824       0.834       0.838       0.863       0.888       0.893       0.902
    LS15             0.747       0.759       0.766       0.799       0.833       0.839       0.851

 LS2      BY
    LS21             1.023       1.032       1.036       1.060       1.083       1.088       1.097
    LS22             1.115       1.123       1.127       1.149       1.170       1.174       1.182
    LS23             1.050       1.058       1.062       1.083       1.103       1.107       1.115
    LS24             0.824       0.832       0.837       0.861       0.885       0.889       0.898
    LS25             0.796       0.808       0.815       0.848       0.881       0.888       0.900

 LS3      BY
    LS31             1.050       1.060       1.064       1.089       1.114       1.119       1.128
    LS32             1.121       1.130       1.135       1.158       1.182       1.186       1.195
    LS33             1.053       1.062       1.066       1.088       1.110       1.115       1.123
    LS34             0.818       0.827       0.832       0.856       0.881       0.886       0.895
    LS35             0.754       0.767       0.774       0.808       0.843       0.849       0.862

 LS1      WITH
    LS2              0.948       0.977       0.992       1.071       1.150       1.165       1.194
    LS3              0.806       0.835       0.849       0.926       1.003       1.018       1.047

 LS2      WITH
    LS3              0.892       0.920       0.935       1.010       1.086       1.100       1.128

 LS11     WITH
    LS21             0.145       0.160       0.167       0.208       0.248       0.256       0.271
    LS31             0.042       0.058       0.065       0.107       0.148       0.156       0.171

 LS21     WITH
    LS31             0.086       0.101       0.109       0.149       0.189       0.197       0.212

 LS12     WITH
    LS22             0.022       0.034       0.041       0.073       0.106       0.112       0.124
    LS32             0.044       0.058       0.065       0.100       0.136       0.143       0.156

 LS22     WITH
    LS32             0.023       0.035       0.042       0.075       0.109       0.115       0.127

 LS13     WITH
    LS23             0.074       0.085       0.091       0.123       0.154       0.160       0.171
    LS33             0.010       0.022       0.028       0.061       0.093       0.100       0.112

 LS23     WITH
    LS33             0.038       0.049       0.055       0.085       0.116       0.122       0.133

 LS14     WITH
    LS24             0.195       0.212       0.220       0.263       0.307       0.315       0.332
    LS34             0.151       0.168       0.176       0.221       0.265       0.274       0.290

 LS24     WITH
    LS34             0.178       0.193       0.201       0.243       0.284       0.292       0.307

 LS15     WITH
    LS25             0.749       0.785       0.803       0.899       0.994       1.012       1.048
    LS35             0.813       0.850       0.869       0.968       1.067       1.086       1.123

 LS25     WITH
    LS35             0.756       0.791       0.809       0.904       0.999       1.017       1.053

 Intercepts
    LS11             4.713       4.735       4.747       4.807       4.868       4.880       4.902
    LS12             4.732       4.755       4.767       4.828       4.889       4.901       4.924
    LS13             5.300       5.322       5.333       5.391       5.450       5.461       5.483
    LS14             5.375       5.395       5.406       5.461       5.516       5.526       5.547
    LS15             4.225       4.250       4.263       4.329       4.396       4.409       4.433
    LS21             5.048       5.069       5.080       5.138       5.196       5.207       5.229
    LS22             5.057       5.078       5.089       5.147       5.205       5.216       5.237
    LS23             5.525       5.545       5.556       5.611       5.666       5.676       5.697
    LS24             5.589       5.608       5.618       5.670       5.721       5.731       5.751
    LS25             4.508       4.533       4.545       4.610       4.675       4.687       4.712
    LS31             4.829       4.852       4.863       4.922       4.982       4.993       5.016
    LS32             4.829       4.852       4.863       4.923       4.983       4.995       5.017
    LS33             5.378       5.399       5.410       5.466       5.523       5.533       5.555
    LS34             5.550       5.570       5.580       5.632       5.684       5.694       5.714
    LS35             4.478       4.503       4.515       4.581       4.646       4.659       4.684

 Variances
    LS1              1.777       1.816       1.836       1.940       2.044       2.063       2.102
    LS2              1.620       1.656       1.674       1.769       1.863       1.882       1.917
    LS3              1.639       1.675       1.693       1.790       1.887       1.905       1.941

 Residual Variances
    LS11             0.867       0.889       0.900       0.959       1.018       1.029       1.052
    LS12             0.597       0.616       0.626       0.677       0.728       0.737       0.756
    LS13             0.590       0.608       0.618       0.666       0.714       0.723       0.741
    LS14             1.107       1.131       1.144       1.210       1.276       1.289       1.314
    LS15             2.422       2.472       2.497       2.629       2.762       2.787       2.837
    LS21             0.850       0.870       0.881       0.937       0.992       1.003       1.023
    LS22             0.521       0.537       0.546       0.590       0.635       0.643       0.660
    LS23             0.522       0.537       0.545       0.586       0.627       0.635       0.651
    LS24             0.936       0.957       0.968       1.023       1.079       1.090       1.111
    LS25             2.233       2.279       2.302       2.425       2.548       2.571       2.617
    LS31             0.877       0.900       0.911       0.972       1.032       1.044       1.067
    LS32             0.678       0.698       0.709       0.764       0.818       0.829       0.849
    LS33             0.590       0.608       0.618       0.666       0.714       0.723       0.741
    LS34             0.989       1.012       1.023       1.083       1.143       1.155       1.177
    LS35             2.400       2.449       2.474       2.605       2.736       2.761       2.810

New/Additional Parameters
    SUMLOAD1         5.000       5.000       5.000       5.000       5.000       5.000       5.000
    SUMLOAD2         5.000       5.000       5.000       5.000       5.000       5.000       5.000
    SUMLOAD3         5.000       5.000       5.000       5.000       5.000       5.000       5.000
    SUMRESID         5.886       5.947       5.978       6.141       6.304       6.336       6.397
    SUMRESID         5.329       5.384       5.413       5.562       5.710       5.739       5.794
    SUMRESID         5.838       5.898       5.929       6.090       6.250       6.281       6.341
    OMEGA_LS         0.878       0.880       0.881       0.888       0.894       0.895       0.897
    OMEGA_LS         0.879       0.881       0.882       0.888       0.894       0.896       0.898
    OMEGA_LS         0.870       0.873       0.874       0.880       0.887       0.888       0.890


CONFIDENCE INTERVALS OF STANDARDIZED MODEL RESULTS


STDYX Standardization

                  Lower .5%  Lower 2.5%    Lower 5%    Estimate    Upper 5%  Upper 2.5%   Upper .5%

 LS1      BY
    LS11             0.819       0.823       0.826       0.838       0.850       0.852       0.857
    LS12             0.876       0.880       0.882       0.891       0.901       0.903       0.906
    LS13             0.867       0.871       0.872       0.882       0.892       0.894       0.898
    LS14             0.710       0.717       0.720       0.738       0.755       0.758       0.765
    LS15             0.528       0.537       0.542       0.566       0.590       0.595       0.604

 LS2      BY
    LS21             0.804       0.809       0.812       0.824       0.837       0.840       0.844
    LS22             0.879       0.882       0.884       0.893       0.903       0.905       0.908
    LS23             0.868       0.871       0.873       0.883       0.893       0.895       0.898
    LS24             0.723       0.730       0.733       0.749       0.766       0.769       0.775
    LS25             0.550       0.559       0.563       0.587       0.610       0.614       0.623

 LS3      BY
    LS31             0.808       0.813       0.815       0.828       0.841       0.844       0.849
    LS32             0.854       0.858       0.860       0.871       0.882       0.884       0.888
    LS33             0.855       0.859       0.861       0.872       0.883       0.885       0.889
    LS34             0.713       0.720       0.723       0.740       0.758       0.761       0.767
    LS35             0.519       0.528       0.532       0.557       0.581       0.585       0.595

 LS1      WITH
    LS2              0.539       0.548       0.553       0.578       0.603       0.608       0.618
    LS3              0.452       0.463       0.469       0.497       0.526       0.531       0.542

 LS2      WITH
    LS3              0.527       0.537       0.542       0.568       0.594       0.599       0.608

 LS11     WITH
    LS21             0.158       0.172       0.180       0.219       0.259       0.266       0.281
    LS31             0.045       0.061       0.069       0.110       0.152       0.160       0.176

 LS21     WITH
    LS31             0.093       0.108       0.116       0.156       0.197       0.205       0.220

 LS12     WITH
    LS22             0.038       0.057       0.066       0.116       0.165       0.175       0.193
    LS32             0.064       0.082       0.092       0.139       0.187       0.197       0.215

 LS22     WITH
    LS32             0.036       0.054       0.064       0.112       0.160       0.170       0.188

 LS13     WITH
    LS23             0.123       0.141       0.150       0.196       0.243       0.251       0.269
    LS33             0.016       0.034       0.043       0.091       0.139       0.148       0.166

 LS23     WITH
    LS33             0.063       0.081       0.090       0.137       0.184       0.193       0.210

 LS14     WITH
    LS24             0.181       0.194       0.201       0.237       0.273       0.279       0.293
    LS34             0.135       0.149       0.156       0.193       0.229       0.236       0.250

 LS24     WITH
    LS34             0.174       0.187       0.194       0.230       0.266       0.273       0.287

 LS15     WITH
    LS25             0.307       0.319       0.325       0.356       0.387       0.393       0.405
    LS35             0.322       0.333       0.339       0.370       0.401       0.406       0.418

 LS25     WITH
    LS35             0.311       0.323       0.329       0.360       0.391       0.397       0.408

 Intercepts
    LS11             2.568       2.595       2.609       2.681       2.753       2.767       2.794
    LS12             2.550       2.577       2.591       2.663       2.735       2.749       2.776
    LS13             2.980       3.011       3.027       3.108       3.190       3.205       3.236
    LS14             3.218       3.250       3.266       3.351       3.437       3.453       3.485
    LS15             2.108       2.130       2.141       2.201       2.261       2.273       2.295
    LS21             2.882       2.912       2.927       3.005       3.084       3.099       3.129
    LS22             2.885       2.915       2.930       3.010       3.089       3.104       3.134
    LS23             3.301       3.335       3.352       3.441       3.530       3.547       3.580
    LS24             3.565       3.600       3.618       3.711       3.805       3.823       3.858
    LS25             2.298       2.321       2.334       2.398       2.461       2.474       2.498
    LS31             2.681       2.709       2.723       2.798       2.872       2.887       2.915
    LS32             2.652       2.679       2.694       2.768       2.842       2.856       2.884
    LS33             3.142       3.174       3.190       3.275       3.361       3.377       3.409
    LS34             3.494       3.528       3.546       3.638       3.731       3.749       3.783
    LS35             2.259       2.282       2.294       2.358       2.421       2.433       2.457

 Variances
    LS1              1.000       1.000       1.000       1.000       1.000       1.000       1.000
    LS2              1.000       1.000       1.000       1.000       1.000       1.000       1.000
    LS3              1.000       1.000       1.000       1.000       1.000       1.000       1.000

 Residual Variances
    LS11             0.266       0.274       0.278       0.298       0.319       0.323       0.330
    LS12             0.179       0.186       0.189       0.206       0.223       0.226       0.233
    LS13             0.194       0.200       0.204       0.221       0.239       0.242       0.249
    LS14             0.416       0.425       0.430       0.456       0.482       0.486       0.496
    LS15             0.637       0.647       0.652       0.680       0.707       0.712       0.723
    LS21             0.288       0.295       0.299       0.320       0.341       0.345       0.353
    LS22             0.175       0.182       0.185       0.202       0.219       0.222       0.228
    LS23             0.194       0.200       0.203       0.220       0.238       0.241       0.247
    LS24             0.400       0.409       0.414       0.439       0.463       0.468       0.477
    LS25             0.613       0.623       0.628       0.656       0.683       0.689       0.699
    LS31             0.280       0.288       0.292       0.314       0.335       0.340       0.348
    LS32             0.211       0.219       0.222       0.241       0.260       0.264       0.271
    LS33             0.209       0.216       0.220       0.239       0.258       0.262       0.269
    LS34             0.412       0.422       0.426       0.452       0.478       0.483       0.492
    LS35             0.648       0.658       0.663       0.690       0.717       0.722       0.733


RESIDUAL OUTPUT


     ESTIMATED MODEL AND RESIDUALS (OBSERVED - ESTIMATED)


           Model Estimated Means
              LS11          LS12          LS13          LS14          LS15
              ________      ________      ________      ________      ________
                4.807         4.828         5.391         5.461         4.329


           Model Estimated Means
              LS21          LS22          LS23          LS24          LS25
              ________      ________      ________      ________      ________
                5.138         5.147         5.611         5.670         4.610


           Model Estimated Means
              LS31          LS32          LS33          LS34          LS35
              ________      ________      ________      ________      ________
                4.922         4.923         5.466         5.632         4.581


           Residuals for Means
              LS11          LS12          LS13          LS14          LS15
              ________      ________      ________      ________      ________
                0.000         0.000         0.000         0.000         0.000


           Residuals for Means
              LS21          LS22          LS23          LS24          LS25
              ________      ________      ________      ________      ________
                0.000         0.000         0.000         0.000         0.000


           Residuals for Means
              LS31          LS32          LS33          LS34          LS35
              ________      ________      ________      ________      ________
                0.000         0.000         0.000         0.000         0.000


           Standardized Residuals (z-scores) for Means
              LS11          LS12          LS13          LS14          LS15
              ________      ________      ________      ________      ________
                0.000         0.000         0.000         0.000         0.000


           Standardized Residuals (z-scores) for Means
              LS21          LS22          LS23          LS24          LS25
              ________      ________      ________      ________      ________
                0.000         0.000         0.000         0.000         0.000


           Standardized Residuals (z-scores) for Means
              LS31          LS32          LS33          LS34          LS35
              ________      ________      ________      ________      ________
                0.000         0.000         0.000         0.000         0.000


           Normalized Residuals for Means
              LS11          LS12          LS13          LS14          LS15
              ________      ________      ________      ________      ________
                0.000         0.000         0.000         0.000         0.000


           Normalized Residuals for Means
              LS21          LS22          LS23          LS24          LS25
              ________      ________      ________      ________      ________
                0.000         0.000         0.000         0.000         0.000


           Normalized Residuals for Means
              LS31          LS32          LS33          LS34          LS35
              ________      ________      ________      ________      ________
                0.000         0.000         0.000         0.000         0.000


           Model Estimated Covariances
              LS11          LS12          LS13          LS14          LS15
              ________      ________      ________      ________      ________
 LS11           3.216
 LS12           2.427         3.287
 LS13           2.299         2.473         3.009
 LS14           1.806         1.942         1.840         2.655
 LS15           1.672         1.798         1.704         1.338         3.868
 LS21           1.432         1.317         1.247         0.980         0.907
 LS22           1.327         1.501         1.352         1.062         0.983
 LS23           1.251         1.345         1.397         1.001         0.927
 LS24           0.994         1.069         1.013         1.059         0.737
 LS25           0.980         1.054         0.998         0.784         1.624
 LS31           1.195         1.170         1.109         0.871         0.806
 LS32           1.157         1.345         1.179         0.926         0.857
 LS33           1.087         1.169         1.169         0.870         0.806
 LS34           0.856         0.920         0.872         0.905         0.634
 LS35           0.807         0.868         0.823         0.646         1.567


           Model Estimated Covariances
              LS21          LS22          LS23          LS24          LS25
              ________      ________      ________      ________      ________
 LS21           2.923
 LS22           2.153         2.925
 LS23           2.029         2.200         2.659
 LS24           1.613         1.749         1.648         2.334
 LS25           1.590         1.723         1.624         1.291         3.697
 LS31           1.315         1.264         1.191         0.947         0.933
 LS32           1.240         1.419         1.267         1.007         0.992
 LS33           1.165         1.263         1.275         0.946         0.932
 LS34           0.917         0.994         0.937         0.987         0.734
 LS35           0.865         0.938         0.884         0.703         1.596


           Model Estimated Covariances
              LS31          LS32          LS33          LS34          LS35
              ________      ________      ________      ________      ________
 LS31           3.096
 LS32           2.258         3.165
 LS33           2.122         2.256         2.785
 LS34           1.670         1.775         1.668         2.396
 LS35           1.576         1.675         1.574         1.239         3.774


           Model Estimated Correlations
              LS11          LS12          LS13          LS14          LS15
              ________      ________      ________      ________      ________
 LS11           1.000
 LS12           0.746         1.000
 LS13           0.739         0.786         1.000
 LS14           0.618         0.657         0.651         1.000
 LS15           0.474         0.504         0.499         0.417         1.000
 LS21           0.467         0.425         0.421         0.352         0.270
 LS22           0.433         0.484         0.456         0.381         0.292
 LS23           0.428         0.455         0.494         0.377         0.289
 LS24           0.363         0.386         0.382         0.425         0.245
 LS25           0.284         0.302         0.299         0.250         0.430
 LS31           0.379         0.367         0.363         0.304         0.233
 LS32           0.363         0.417         0.382         0.319         0.245
 LS33           0.363         0.386         0.404         0.320         0.245
 LS34           0.308         0.328         0.325         0.359         0.208
 LS35           0.232         0.247         0.244         0.204         0.410


           Model Estimated Correlations
              LS21          LS22          LS23          LS24          LS25
              ________      ________      ________      ________      ________
 LS21           1.000
 LS22           0.736         1.000
 LS23           0.728         0.789         1.000
 LS24           0.618         0.669         0.662         1.000
 LS25           0.484         0.524         0.518         0.440         1.000
 LS31           0.437         0.420         0.415         0.352         0.276
 LS32           0.408         0.466         0.437         0.371         0.290
 LS33           0.408         0.442         0.469         0.371         0.290
 LS34           0.346         0.375         0.371         0.417         0.246
 LS35           0.260         0.282         0.279         0.237         0.427


           Model Estimated Correlations
              LS31          LS32          LS33          LS34          LS35
              ________      ________      ________      ________      ________
 LS31           1.000
 LS32           0.721         1.000
 LS33           0.723         0.760         1.000
 LS34           0.613         0.645         0.646         1.000
 LS35           0.461         0.485         0.486         0.412         1.000


           Residuals for Covariances
              LS11          LS12          LS13          LS14          LS15
              ________      ________      ________      ________      ________
 LS11           0.004
 LS12           0.110        -0.015
 LS13          -0.070        -0.039        -0.029
 LS14          -0.076        -0.094         0.174         0.051
 LS15           0.083         0.099         0.142         0.470         0.226
 LS21           0.037         0.033        -0.038         0.006         0.194
 LS22           0.033        -0.033        -0.118        -0.039         0.154
 LS23          -0.081        -0.073        -0.111         0.009         0.164
 LS24           0.109         0.125         0.087         0.094         0.321
 LS25           0.297         0.294         0.289         0.402         0.353
 LS31          -0.030         0.006        -0.060        -0.008         0.169
 LS32          -0.046        -0.010        -0.072        -0.034         0.178
 LS33          -0.079        -0.024        -0.078         0.003         0.132
 LS34           0.062         0.071         0.052         0.062         0.314
 LS35           0.288         0.317         0.274         0.340         0.339


           Residuals for Covariances
              LS21          LS22          LS23          LS24          LS25
              ________      ________      ________      ________      ________
 LS21           0.011
 LS22           0.105        -0.003
 LS23          -0.063        -0.009        -0.029
 LS24          -0.071        -0.094         0.088         0.018
 LS25           0.071         0.043         0.044         0.460         0.177
 LS31           0.014        -0.003        -0.001        -0.012         0.157
 LS32          -0.014        -0.034        -0.022        -0.069         0.125
 LS33          -0.060        -0.067        -0.056        -0.044         0.043
 LS34           0.033         0.023         0.058         0.023         0.254
 LS35           0.306         0.253         0.255         0.364         0.301


           Residuals for Covariances
              LS31          LS32          LS33          LS34          LS35
              ________      ________      ________      ________      ________
 LS31          -0.001
 LS32           0.149         0.001
 LS33          -0.066        -0.009        -0.006
 LS34          -0.127        -0.144         0.138        -0.002
 LS35           0.025        -0.005         0.020         0.405         0.124


           Residuals for Correlations
              LS11          LS12          LS13          LS14          LS15
              ________      ________      ________      ________      ________
 LS11           0.000
 LS12           0.035         0.000
 LS13          -0.020        -0.007         0.000
 LS14          -0.032        -0.036         0.058         0.000
 LS15           0.009         0.014         0.029         0.126         0.000
 LS21           0.011         0.011        -0.012        -0.002         0.048
 LS22           0.011        -0.009        -0.038        -0.017         0.036
 LS23          -0.026        -0.021        -0.034         0.002         0.043
 LS24           0.038         0.045         0.033         0.031         0.096
 LS25           0.077         0.076         0.080         0.116         0.067
 LS31          -0.010         0.003        -0.018        -0.005         0.041
 LS32          -0.015        -0.002        -0.022        -0.015         0.043
 LS33          -0.026        -0.007        -0.025        -0.001         0.032
 LS34           0.022         0.026         0.021         0.021         0.095
 LS35           0.078         0.085         0.078         0.099         0.067


           Residuals for Correlations
              LS21          LS22          LS23          LS24          LS25
              ________      ________      ________      ________      ________
 LS21           0.000
 LS22           0.035         0.000
 LS23          -0.020         0.002         0.000
 LS24          -0.031        -0.038         0.037         0.000
 LS25           0.009         0.001         0.005         0.140         0.000
 LS31           0.004        -0.001         0.002        -0.006         0.039
 LS32          -0.005        -0.011        -0.005        -0.027         0.029
 LS33          -0.021        -0.023        -0.017        -0.018         0.007
 LS34           0.012         0.009         0.025         0.008         0.078
 LS35           0.086         0.071         0.077         0.115         0.061


           Residuals for Correlations
              LS31          LS32          LS33          LS34          LS35
              ________      ________      ________      ________      ________
 LS31           0.000
 LS32           0.048         0.000
 LS33          -0.022        -0.002         0.000
 LS34          -0.047        -0.052         0.054         0.000
 LS35           0.000        -0.009        -0.001         0.126         0.000


           Standardized Residuals (z-scores) for Covariances
              LS11          LS12          LS13          LS14          LS15
              ________      ________      ________      ________      ________
 LS11           0.404
 LS12           7.557       999.000
 LS13         999.000       999.000       999.000
 LS14          -4.031        -7.378         8.542         2.410
 LS15           2.110         2.803         4.094         9.965         4.144
 LS21           1.223         1.056        -1.298         0.152         3.471
 LS22           1.083        -1.677        -5.372        -1.158         2.897
 LS23          -3.010        -3.237        -7.772         0.289         3.245
 LS24           3.008         3.676         2.709         3.027         6.046
 LS25           5.287         5.375         5.504         7.209         5.935
 LS31          -1.030         0.191        -1.899        -0.195         2.878
 LS32          -1.361        -0.428        -2.609        -0.906         3.075
 LS33          -2.530        -0.893        -4.065         0.093         2.445
 LS34           1.654         2.027         1.527         2.022         5.732
 LS35           4.898         5.505         4.983         5.940         5.736


           Standardized Residuals (z-scores) for Covariances
              LS21          LS22          LS23          LS24          LS25
              ________      ________      ________      ________      ________
 LS21           0.847
 LS22           6.877        -2.117
 LS23         -15.828       999.000       999.000
 LS24          -4.289        -9.885         5.717         1.229
 LS25           1.971         1.430         1.532        10.941         3.679
 LS31           0.478        -0.100        -0.038        -0.355         2.876
 LS32          -0.422        -1.653        -0.866        -2.131         2.343
 LS33          -2.054        -2.857        -3.319        -1.466         0.871
 LS34           0.962         0.725         1.911         0.859         4.965
 LS35           5.515         4.821         5.099         6.958         5.366


           Standardized Residuals (z-scores) for Covariances
              LS31          LS32          LS33          LS34          LS35
              ________      ________      ________      ________      ________
 LS31          -0.211
 LS32           9.318         0.230
 LS33         -14.107        -1.287       999.000
 LS34          -9.433       -17.558         8.320        -0.160
 LS35           0.700        -0.163         0.651         9.727         2.849


           Normalized Residuals for Covariances
              LS11          LS12          LS13          LS14          LS15
              ________      ________      ________      ________      ________
 LS11           0.048
 LS12           1.301        -0.155
 LS13          -0.897        -0.482        -0.337
 LS14          -1.079        -1.313         2.442         0.648
 LS15           0.999         1.172         1.747         6.045         1.905
 LS21           0.526         0.478        -0.583         0.093         2.594
 LS22           0.474        -0.470        -1.797        -0.630         2.054
 LS23          -1.262        -1.110        -1.749         0.160         2.312
 LS24           1.783         2.022         1.486         1.643         4.772
 LS25           3.859         3.762         3.873         5.678         3.870
 LS31          -0.440         0.090        -0.903        -0.125         2.227
 LS32          -0.660        -0.144        -1.079        -0.543         2.316
 LS33          -1.214        -0.365        -1.229         0.056         1.835
 LS34           1.037         1.171         0.889         1.114         4.680
 LS35           3.789         4.109         3.733         4.878         3.736


           Normalized Residuals for Covariances
              LS21          LS22          LS23          LS24          LS25
              ________      ________      ________      ________      ________
 LS21           0.127
 LS22           1.379        -0.030
 LS23          -0.903        -0.121        -0.379
 LS24          -1.137        -1.477         1.421         0.262
 LS25           0.920         0.557         0.596         6.418         1.574
 LS31           0.201        -0.044        -0.017        -0.209         2.104
 LS32          -0.200        -0.501        -0.337        -1.164         1.657
 LS33          -0.954        -1.054        -0.913        -0.799         0.611
 LS34           0.579         0.392         1.046         0.430         3.869
 LS35           4.161         3.449         3.662         5.518         3.388


           Normalized Residuals for Covariances
              LS31          LS32          LS33          LS34          LS35
              ________      ________      ________      ________      ________
 LS31          -0.015
 LS32           1.836         0.016
 LS33          -0.900        -0.113        -0.079
 LS34          -1.985        -2.190         2.136        -0.022
 LS35           0.322        -0.067         0.263         5.694         1.100


TECHNICAL 1 OUTPUT


     PARAMETER SPECIFICATION


           NU
              LS11          LS12          LS13          LS14          LS15
              ________      ________      ________      ________      ________
                  1             2             3             4             5


           NU
              LS21          LS22          LS23          LS24          LS25
              ________      ________      ________      ________      ________
                  6             7             8             9            10


           NU
              LS31          LS32          LS33          LS34          LS35
              ________      ________      ________      ________      ________
                 11            12            13            14            15


           LAMBDA
              LS1           LS2           LS3
              ________      ________      ________
 LS11              16             0             0
 LS12              17             0             0
 LS13              18             0             0
 LS14              19             0             0
 LS15              20             0             0
 LS21               0            21             0
 LS22               0            22             0
 LS23               0            23             0
 LS24               0            24             0
 LS25               0            25             0
 LS31               0             0            26
 LS32               0             0            27
 LS33               0             0            28
 LS34               0             0            29
 LS35               0             0            30


           THETA
              LS11          LS12          LS13          LS14          LS15
              ________      ________      ________      ________      ________
 LS11              31
 LS12               0            32
 LS13               0             0            33
 LS14               0             0             0            34
 LS15               0             0             0             0            35
 LS21              36             0             0             0             0
 LS22               0            38             0             0             0
 LS23               0             0            40             0             0
 LS24               0             0             0            42             0
 LS25               0             0             0             0            44
 LS31              46             0             0             0             0
 LS32               0            49             0             0             0
 LS33               0             0            52             0             0
 LS34               0             0             0            55             0
 LS35               0             0             0             0            58


           THETA
              LS21          LS22          LS23          LS24          LS25
              ________      ________      ________      ________      ________
 LS21              37
 LS22               0            39
 LS23               0             0            41
 LS24               0             0             0            43
 LS25               0             0             0             0            45
 LS31              47             0             0             0             0
 LS32               0            50             0             0             0
 LS33               0             0            53             0             0
 LS34               0             0             0            56             0
 LS35               0             0             0             0            59


           THETA
              LS31          LS32          LS33          LS34          LS35
              ________      ________      ________      ________      ________
 LS31              48
 LS32               0            51
 LS33               0             0            54
 LS34               0             0             0            57
 LS35               0             0             0             0            60


           ALPHA
              LS1           LS2           LS3
              ________      ________      ________
                  0             0             0


           BETA
              LS1           LS2           LS3
              ________      ________      ________
 LS1                0             0             0
 LS2                0             0             0
 LS3                0             0             0


           PSI
              LS1           LS2           LS3
              ________      ________      ________
 LS1               61
 LS2               62            63
 LS3               64            65            66


     PARAMETER SPECIFICATION FOR THE ADDITIONAL PARAMETERS


           New/Additional Parameters
              SUMLOAD1      SUMLOAD2      SUMLOAD3      SUMRESID      SUMRESID
              ________      ________      ________      ________      ________
                   67            68            69            70            71


           New/Additional Parameters
              SUMRESID      OMEGA_LS      OMEGA_LS      OMEGA_LS
              ________      ________      ________      ________
                   72            73            74            75


     STARTING VALUES


           NU
              LS11          LS12          LS13          LS14          LS15
              ________      ________      ________      ________      ________
                4.807         4.828         5.391         5.461         4.329


           NU
              LS21          LS22          LS23          LS24          LS25
              ________      ________      ________      ________      ________
                5.138         5.147         5.611         5.670         4.610


           NU
              LS31          LS32          LS33          LS34          LS35
              ________      ________      ________      ________      ________
                4.922         4.923         5.466         5.632         4.581


           LAMBDA
              LS1           LS2           LS3
              ________      ________      ________
 LS11           1.519         0.000         0.000
 LS12           1.653         0.000         0.000
 LS13           1.505         0.000         0.000
 LS14           1.206         0.000         0.000
 LS15           1.200         0.000         0.000
 LS21           0.000         1.427         0.000
 LS22           0.000         1.573         0.000
 LS23           0.000         1.416         0.000
 LS24           0.000         1.134         0.000
 LS25           0.000         1.184         0.000
 LS31           0.000         0.000         1.481
 LS32           0.000         0.000         1.605
 LS33           0.000         0.000         1.434
 LS34           0.000         0.000         1.119
 LS35           0.000         0.000         1.100


           THETA
              LS11          LS12          LS13          LS14          LS15
              ________      ________      ________      ________      ________
 LS11           1.610
 LS12           0.000         1.636
 LS13           0.000         0.000         1.490
 LS14           0.000         0.000         0.000         1.353
 LS15           0.000         0.000         0.000         0.000         2.047
 LS21           0.000         0.000         0.000         0.000         0.000
 LS22           0.000         0.000         0.000         0.000         0.000
 LS23           0.000         0.000         0.000         0.000         0.000
 LS24           0.000         0.000         0.000         0.000         0.000
 LS25           0.000         0.000         0.000         0.000         0.000
 LS31           0.000         0.000         0.000         0.000         0.000
 LS32           0.000         0.000         0.000         0.000         0.000
 LS33           0.000         0.000         0.000         0.000         0.000
 LS34           0.000         0.000         0.000         0.000         0.000
 LS35           0.000         0.000         0.000         0.000         0.000


           THETA
              LS21          LS22          LS23          LS24          LS25
              ________      ________      ________      ________      ________
 LS21           1.467
 LS22           0.000         1.461
 LS23           0.000         0.000         1.315
 LS24           0.000         0.000         0.000         1.176
 LS25           0.000         0.000         0.000         0.000         1.937
 LS31           0.000         0.000         0.000         0.000         0.000
 LS32           0.000         0.000         0.000         0.000         0.000
 LS33           0.000         0.000         0.000         0.000         0.000
 LS34           0.000         0.000         0.000         0.000         0.000
 LS35           0.000         0.000         0.000         0.000         0.000


           THETA
              LS31          LS32          LS33          LS34          LS35
              ________      ________      ________      ________      ________
 LS31           1.547
 LS32           0.000         1.583
 LS33           0.000         0.000         1.389
 LS34           0.000         0.000         0.000         1.197
 LS35           0.000         0.000         0.000         0.000         1.949


           ALPHA
              LS1           LS2           LS3
              ________      ________      ________
                0.000         0.000         0.000


           BETA
              LS1           LS2           LS3
              ________      ________      ________
 LS1            0.000         0.000         0.000
 LS2            0.000         0.000         0.000
 LS3            0.000         0.000         0.000


           PSI
              LS1           LS2           LS3
              ________      ________      ________
 LS1            0.050
 LS2            0.000         0.050
 LS3            0.000         0.000         0.050


     STARTING VALUES FOR THE ADDITIONAL PARAMETERS


           New/Additional Parameters
              SUMLOAD1      SUMLOAD2      SUMLOAD3      SUMRESID      SUMRESID
              ________      ________      ________      ________      ________
                0.500         0.500         0.500         0.500         0.500


           New/Additional Parameters
              SUMRESID      OMEGA_LS      OMEGA_LS      OMEGA_LS
              ________      ________      ________      ________
                0.500         0.500         0.500         0.500


TECHNICAL 4 OUTPUT


     ESTIMATES DERIVED FROM THE MODEL


           ESTIMATED MEANS FOR THE LATENT VARIABLES
              LS1           LS2           LS3
              ________      ________      ________
                0.000         0.000         0.000


           S.E. FOR ESTIMATED MEANS FOR THE LATENT VARIABLES
              LS1           LS2           LS3
              ________      ________      ________
                0.000         0.000         0.000


           EST./S.E. FOR ESTIMATED MEANS FOR THE LATENT VARIABLES
              LS1           LS2           LS3
              ________      ________      ________
                0.000         0.000         0.000


           TWO-TAILED P-VALUE FOR ESTIMATED MEANS FOR THE LATENT VARIABLES
              LS1           LS2           LS3
              ________      ________      ________
                1.000         1.000         1.000


           ESTIMATED COVARIANCE MATRIX FOR THE LATENT VARIABLES
              LS1           LS2           LS3
              ________      ________      ________
 LS1            1.940
 LS2            1.071         1.769
 LS3            0.926         1.010         1.790


           S.E. FOR ESTIMATED COVARIANCE MATRIX FOR THE LATENT VARIABLES
              LS1           LS2           LS3
              ________      ________      ________
 LS1            0.063
 LS2            0.048         0.058
 LS3            0.047         0.046         0.059


           EST./S.E. FOR ESTIMATED COVARIANCE MATRIX FOR THE LATENT VARIABLES
              LS1           LS2           LS3
              ________      ________      ________
 LS1           30.693
 LS2           22.384        30.721
 LS3           19.824        22.016        30.488


           TWO-TAILED P-VALUE FOR ESTIMATED COVARIANCE MATRIX FOR THE LATENT VARIABLES
              LS1           LS2           LS3
              ________      ________      ________
 LS1            0.000
 LS2            0.000         0.000
 LS3            0.000         0.000         0.000


           ESTIMATED CORRELATION MATRIX FOR THE LATENT VARIABLES
              LS1           LS2           LS3
              ________      ________      ________
 LS1            1.000
 LS2            0.578         1.000
 LS3            0.497         0.568         1.000


           S.E. FOR ESTIMATED CORRELATION MATRIX FOR THE LATENT VARIABLES
              LS1           LS2           LS3
              ________      ________      ________
 LS1            0.000
 LS2            0.015         0.000
 LS3            0.017         0.016         0.000


           EST./S.E. FOR ESTIMATED CORRELATION MATRIX FOR THE LATENT VARIABLES
              LS1           LS2           LS3
              ________      ________      ________
 LS1          999.000
 LS2           37.633       999.000
 LS3           28.705        36.071       999.000


           TWO-TAILED P-VALUE FOR ESTIMATED CORRELATION MATRIX FOR THE LATENT VARIABLES
              LS1           LS2           LS3
              ________      ________      ________
 LS1            0.000
 LS2            0.000         0.000
 LS3            0.000         0.000         0.000


DIAGRAM INFORMATION

  Use View Diagram under the Diagram menu in the Mplus Editor to view the diagram.
  If running Mplus from the Mplus Diagrammer, the diagram opens automatically.

  Diagram output
    c:\users\wqemi\onedrive - florida state university\myfsu_onedrive\documents\fsu\dissertation\applied data for illust

     Beginning Time:  16:51:18
        Ending Time:  16:51:18
       Elapsed Time:  00:00:00



MUTHEN & MUTHEN
3463 Stoner Ave.
Los Angeles, CA  90066

Tel: (310) 391-9971
Fax: (310) 391-8971
Web: www.StatModel.com
Support: Support@StatModel.com

Copyright (c) 1998-2023 Muthen & Muthen
