Mplus VERSION 8.10
MUTHEN & MUTHEN
04/22/2026   9:37 PM

INPUT INSTRUCTIONS

  DATA:   FILE = application_example.dat;
  DEFINE:
      cx1 = SUM(SA12 SA14 SA15 SA16);
      cx2 = SUM(SA22 SA24 SA25 SA26);
      cx3 = SUM(SA32 SA34 SA35 SA36);
      cy1 = SUM(LS11 LS12 LS13 LS14 LS15);
      cy2 = SUM(LS21 LS22 LS23 LS24 LS25);
      cy3 = SUM(LS31 LS32 LS33 LS34 LS35);
    VARIABLE:
        names = ID SA11-SA18
                   SA21-SA28
                   SA31-SA38
                   LS11-LS15
                   LS21-LS25
                   LS31-LS35;

      USEVARIABLES = cx1 cx2 cx3 cy1 cy2 cy3;
      ANALYSIS:
          ESTIMATOR = ML;
          MODEL = NOCOV;

      MODEL:
          FX1 BY cx1@1;
          FX2 BY cx2@1;
          FX3 BY cx3@1;
          FY1 BY cy1@1;
          FY2 BY cy2@1;
          FY3 BY cy3@1;
          cx1@4.768468;
          cx2@4.606809;
          cx3@4.708867;
          cy1@5.945507;
          cy2@5.563290;
          cy3@5.873337;

          ! -------- Structural paths --------
          ! Wave 2
          FX2 ON FX1;
          FX2 ON FY1;
          FY2 ON FX1;
          FY2 ON FY1;

          ! Wave 3
          FX3 ON FX2;
          FX3 ON FY2;
          FY3 ON FX2;
          FY3 ON FY2;

          FX1 with FY1;
          FX2 with FY2;
          FX3 with FY3;

  output: TECH1 STDYX SAMPSTAT CINTERVAL;



INPUT READING TERMINATED NORMALLY




SUMMARY OF ANALYSIS

Number of groups                                                 1
Number of observations                                        3314

Number of dependent variables                                    6
Number of independent variables                                  0
Number of continuous latent variables                            6

Observed dependent variables

  Continuous
   CX1         CX2         CX3         CY1         CY2         CY3

Continuous latent variables
   FX1         FX2         FX3         FY1         FY2         FY3


Estimator                                                       ML
Information matrix                                        OBSERVED
Maximum number of iterations                                  1000
Convergence criterion                                    0.500D-04
Maximum number of steepest descent iterations                   20

Input data file(s)
  application_example.dat

Input data format  FREE


SAMPLE STATISTICS


     SAMPLE STATISTICS


           Means
              CX1           CX2           CX3           CY1           CY2
              ________      ________      ________      ________      ________
               16.849        16.545        16.351        24.986        25.722


           Means
              CY3
              ________
               25.899


           Covariances
              CX1           CX2           CX3           CY1           CY2
              ________      ________      ________      ________      ________
 CX1           21.473
 CX2           11.940        21.421
 CX3           11.068        12.128        22.205
 CY1           18.568        14.143        12.397        58.272
 CY2           14.432        16.522        13.717        34.048        53.996
 CY3           14.078        14.097        17.734        30.427        31.684


           Covariances
              CY3
              ________
 CY3           51.961


           Correlations
              CX1           CX2           CX3           CY1           CY2
              ________      ________      ________      ________      ________
 CX1            1.000
 CX2            0.557         1.000
 CX3            0.507         0.556         1.000
 CY1            0.525         0.400         0.345         1.000
 CY2            0.424         0.486         0.396         0.607         1.000
 CY3            0.421         0.423         0.522         0.553         0.598


           Correlations
              CY3
              ________
 CY3            1.000


UNIVARIATE SAMPLE STATISTICS


     UNIVARIATE HIGHER-ORDER MOMENT DESCRIPTIVE STATISTICS

         Variable/         Mean/     Skewness/   Minimum/ % with                Percentiles
        Sample Size      Variance    Kurtosis    Maximum  Min/Max      20%/60%    40%/80%    Median

     CX1                  16.849      -0.535       4.000    0.91%      13.000     16.000     17.000
            3314.000      21.473      -0.278      24.000    5.37%      19.000     21.000
     CX2                  16.545      -0.391       4.000    0.66%      13.000     16.000     17.000
            3314.000      21.421      -0.444      24.000    5.34%      18.000     21.000
     CX3                  16.351      -0.369       4.000    0.66%      12.000     15.000     17.000
            3314.000      22.205      -0.506      24.000    5.22%      18.000     21.000
     CY1                  24.986      -0.793       5.000    1.21%      18.000     25.000     27.000
            3314.000      58.272      -0.219      35.000    5.58%      29.000     32.000
     CY2                  25.722      -0.924       5.000    1.18%      20.000     26.000     28.000
            3314.000      53.996       0.169      35.000    6.40%      29.000     32.000
     CY3                  25.899      -0.868       5.000    0.63%      20.000     26.000     28.000
            3314.000      51.961       0.027      35.000    7.30%      29.000     32.000


THE MODEL ESTIMATION TERMINATED NORMALLY



MODEL FIT INFORMATION

Number of Free Parameters                       23

Loglikelihood

          H0 Value                      -59472.827
          H1 Value                      -59353.435

Information Criteria

          Akaike (AIC)                  118991.655
          Bayesian (BIC)                119132.091
          Sample-Size Adjusted BIC      119059.009
            (n* = (n + 2) / 24)

Chi-Square Test of Model Fit

          Value                            238.784
          Degrees of Freedom                     4
          P-Value                           0.0000

RMSEA (Root Mean Square Error Of Approximation)

          Estimate                           0.133
          90 Percent C.I.                    0.119  0.148
          Probability RMSEA <= .05           0.000

CFI/TLI

          CFI                                0.971
          TLI                                0.891

Chi-Square Test of Model Fit for the Baseline Model

          Value                           8097.534
          Degrees of Freedom                    15
          P-Value                           0.0000

SRMR (Standardized Root Mean Square Residual)

          Value                              0.030



MODEL RESULTS

                                                    Two-Tailed
                    Estimate       S.E.  Est./S.E.    P-Value

 FX1      BY
    CX1                1.000      0.000    999.000    999.000

 FX2      BY
    CX2                1.000      0.000    999.000    999.000

 FX3      BY
    CX3                1.000      0.000    999.000    999.000

 FY1      BY
    CY1                1.000      0.000    999.000    999.000

 FY2      BY
    CY2                1.000      0.000    999.000    999.000

 FY3      BY
    CY3                1.000      0.000    999.000    999.000

 FX2      ON
    FX1                0.720      0.026     27.682      0.000
    FY1                0.018      0.014      1.313      0.189

 FY2      ON
    FX1                0.224      0.039      5.807      0.000
    FY1                0.585      0.021     28.417      0.000

 FX3      ON
    FX2                0.716      0.025     28.711      0.000
    FY2                0.041      0.014      2.957      0.003

 FY3      ON
    FX2                0.314      0.035      8.854      0.000
    FY2                0.563      0.020     28.508      0.000

 FX1      WITH
    FY1               18.568      0.694     26.756      0.000

 FX2      WITH
    FY2                5.351      0.390     13.737      0.000

 FX3      WITH
    FY3                6.049      0.393     15.410      0.000

 Intercepts
    CX1               16.849      0.080    209.324      0.000
    CX2               16.545      0.080    206.845      0.000
    CX3               16.351      0.082    199.756      0.000
    CY1               24.986      0.133    188.431      0.000
    CY2               25.722      0.127    201.794      0.000
    CY3               25.899      0.125    206.828      0.000

 Variances
    FX1               16.704      0.527     31.667      0.000
    FY1               52.326      1.432     36.553      0.000

 Residual Variances
    CX1                4.768      0.000    999.000    999.000
    CX2                4.607      0.000    999.000    999.000
    CX3                4.709      0.000    999.000    999.000
    CY1                5.946      0.000    999.000    999.000
    CY2                5.563      0.000    999.000    999.000
    CY3                5.873      0.000    999.000    999.000
    FX2                7.443      0.350     21.251      0.000
    FX3                7.958      0.361     22.013      0.000
    FY2               24.691      0.799     30.892      0.000
    FY3               23.318      0.767     30.383      0.000


QUALITY OF NUMERICAL RESULTS

     Condition Number for the Information Matrix              0.113E-02
       (ratio of smallest to largest eigenvalue)


STANDARDIZED MODEL RESULTS


STDYX Standardization

                                                    Two-Tailed
                    Estimate       S.E.  Est./S.E.    P-Value

 FX1      BY
    CX1                0.882      0.003    285.199      0.000

 FX2      BY
    CX2                0.885      0.003    292.719      0.000

 FX3      BY
    CX3                0.888      0.003    302.496      0.000

 FY1      BY
    CY1                0.948      0.001    716.508      0.000

 FY2      BY
    CY2                0.947      0.001    706.307      0.000

 FY3      BY
    CY3                0.942      0.001    638.844      0.000

 FX2      ON
    FX1                0.722      0.022     32.543      0.000
    FY1                0.032      0.024      1.313      0.189

 FY2      ON
    FX1                0.132      0.023      5.834      0.000
    FY1                0.609      0.019     31.453      0.000

 FX3      ON
    FX2                0.697      0.020     34.157      0.000
    FY2                0.067      0.023      2.959      0.003

 FY3      ON
    FX2                0.188      0.021      8.956      0.000
    FY2                0.576      0.018     31.614      0.000

 FX1      WITH
    FY1                0.628      0.014     44.524      0.000

 FX2      WITH
    FY2                0.395      0.025     15.876      0.000

 FX3      WITH
    FY3                0.444      0.024     18.788      0.000

 Intercepts
    CX1                3.636      0.048     75.878      0.000
    CX2                3.593      0.048     75.625      0.000
    CX3                3.470      0.046     75.391      0.000
    CY1                3.273      0.044     74.736      0.000
    CY2                3.505      0.046     75.479      0.000
    CY3                3.593      0.047     75.754      0.000

 Variances
    FX1                1.000      0.000    999.000    999.000
    FY1                1.000      0.000    999.000    999.000

 Residual Variances
    CX1                0.222      0.005     40.707      0.000
    CX2                0.217      0.005     40.625      0.000
    CX3                0.212      0.005     40.706      0.000
    CY1                0.102      0.003     40.706      0.000
    CY2                0.103      0.003     40.693      0.000
    CY3                0.113      0.003     40.706      0.000
    FX2                0.448      0.019     23.819      0.000
    FX3                0.455      0.018     24.657      0.000
    FY2                0.511      0.015     33.986      0.000
    FY3                0.506      0.015     33.458      0.000


R-SQUARE

    Observed                                        Two-Tailed
    Variable        Estimate       S.E.  Est./S.E.    P-Value

    CX1                0.778      0.005    142.599      0.000
    CX2                0.783      0.005    146.359      0.000
    CX3                0.788      0.005    151.248      0.000
    CY1                0.898      0.003    358.254      0.000
    CY2                0.897      0.003    353.153      0.000
    CY3                0.887      0.003    319.422      0.000

     Latent                                         Two-Tailed
    Variable        Estimate       S.E.  Est./S.E.    P-Value

    FX2                0.552      0.019     29.293      0.000
    FX3                0.545      0.018     29.556      0.000
    FY2                0.489      0.015     32.470      0.000
    FY3                0.494      0.015     32.673      0.000


CONFIDENCE INTERVALS OF MODEL RESULTS

                  Lower .5%  Lower 2.5%    Lower 5%    Estimate    Upper 5%  Upper 2.5%   Upper .5%

 FX1      BY
    CX1              1.000       1.000       1.000       1.000       1.000       1.000       1.000

 FX2      BY
    CX2              1.000       1.000       1.000       1.000       1.000       1.000       1.000

 FX3      BY
    CX3              1.000       1.000       1.000       1.000       1.000       1.000       1.000

 FY1      BY
    CY1              1.000       1.000       1.000       1.000       1.000       1.000       1.000

 FY2      BY
    CY2              1.000       1.000       1.000       1.000       1.000       1.000       1.000

 FY3      BY
    CY3              1.000       1.000       1.000       1.000       1.000       1.000       1.000

 FX2      ON
    FX1              0.653       0.669       0.677       0.720       0.763       0.771       0.787
    FY1             -0.017      -0.009      -0.005       0.018       0.041       0.045       0.053

 FY2      ON
    FX1              0.125       0.148       0.161       0.224       0.288       0.300       0.324
    FY1              0.532       0.544       0.551       0.585       0.618       0.625       0.638

 FX3      ON
    FX2              0.651       0.667       0.675       0.716       0.757       0.765       0.780
    FY2              0.005       0.014       0.018       0.041       0.063       0.067       0.076

 FY3      ON
    FX2              0.223       0.244       0.256       0.314       0.372       0.383       0.405
    FY2              0.512       0.524       0.531       0.563       0.596       0.602       0.614

 FX1      WITH
    FY1             16.780      17.208      17.426      18.568      19.709      19.928      20.355

 FX2      WITH
    FY2              4.348       4.587       4.710       5.351       5.992       6.114       6.354

 FX3      WITH
    FY3              5.038       5.279       5.403       6.049       6.695       6.818       7.060

 Intercepts
    CX1             16.642      16.692      16.717      16.849      16.982      17.007      17.057
    CX2             16.339      16.388      16.414      16.545      16.677      16.702      16.751
    CX3             16.140      16.191      16.217      16.351      16.486      16.512      16.562
    CY1             24.645      24.727      24.768      24.986      25.205      25.246      25.328
    CY2             25.393      25.472      25.512      25.722      25.931      25.972      26.050
    CY3             25.576      25.653      25.693      25.899      26.105      26.144      26.221

 Variances
    FX1             15.345      15.670      15.836      16.704      17.572      17.738      18.063
    FY1             48.639      49.520      49.971      52.326      54.681      55.132      56.013

 Residual Variances
    CX1              4.768       4.768       4.768       4.768       4.768       4.768       4.768
    CX2              4.607       4.607       4.607       4.607       4.607       4.607       4.607
    CX3              4.709       4.709       4.709       4.709       4.709       4.709       4.709
    CY1              5.946       5.946       5.946       5.946       5.946       5.946       5.946
    CY2              5.563       5.563       5.563       5.563       5.563       5.563       5.563
    CY3              5.873       5.873       5.873       5.873       5.873       5.873       5.873
    FX2              6.541       6.757       6.867       7.443       8.019       8.130       8.345
    FX3              7.027       7.249       7.363       7.958       8.552       8.666       8.889
    FY2             22.632      23.125      23.376      24.691      26.006      26.258      26.750
    FY3             21.341      21.813      22.055      23.318      24.580      24.822      25.294


CONFIDENCE INTERVALS OF STANDARDIZED MODEL RESULTS


STDYX Standardization

                  Lower .5%  Lower 2.5%    Lower 5%    Estimate    Upper 5%  Upper 2.5%   Upper .5%

 FX1      BY
    CX1              0.874       0.876       0.877       0.882       0.887       0.888       0.890

 FX2      BY
    CX2              0.877       0.879       0.880       0.885       0.890       0.891       0.893

 FX3      BY
    CX3              0.880       0.882       0.883       0.888       0.892       0.893       0.895

 FY1      BY
    CY1              0.944       0.945       0.945       0.948       0.950       0.950       0.951

 FY2      BY
    CY2              0.943       0.944       0.945       0.947       0.949       0.950       0.950

 FY3      BY
    CY3              0.938       0.939       0.939       0.942       0.944       0.945       0.946

 FX2      ON
    FX1              0.665       0.679       0.686       0.722       0.759       0.766       0.779
    FY1             -0.031      -0.016      -0.008       0.032       0.072       0.080       0.095

 FY2      ON
    FX1              0.074       0.088       0.095       0.132       0.169       0.176       0.190
    FY1              0.559       0.571       0.577       0.609       0.640       0.647       0.658

 FX3      ON
    FX2              0.644       0.657       0.663       0.697       0.731       0.737       0.750
    FY2              0.009       0.023       0.030       0.067       0.105       0.112       0.126

 FY3      ON
    FX2              0.134       0.147       0.154       0.188       0.223       0.230       0.243
    FY2              0.529       0.541       0.546       0.576       0.606       0.612       0.623

 FX1      WITH
    FY1              0.592       0.600       0.605       0.628       0.651       0.656       0.664

 FX2      WITH
    FY2              0.331       0.346       0.354       0.395       0.436       0.443       0.459

 FX3      WITH
    FY3              0.383       0.398       0.405       0.444       0.483       0.490       0.505

 Intercepts
    CX1              3.513       3.542       3.557       3.636       3.715       3.730       3.760
    CX2              3.471       3.500       3.515       3.593       3.671       3.686       3.715
    CX3              3.351       3.380       3.394       3.470       3.546       3.560       3.589
    CY1              3.160       3.187       3.201       3.273       3.345       3.359       3.386
    CY2              3.386       3.414       3.429       3.505       3.582       3.596       3.625
    CY3              3.471       3.500       3.515       3.593       3.671       3.686       3.715

 Variances
    FX1              1.000       1.000       1.000       1.000       1.000       1.000       1.000
    FY1              1.000       1.000       1.000       1.000       1.000       1.000       1.000

 Residual Variances
    CX1              0.208       0.211       0.213       0.222       0.231       0.233       0.236
    CX2              0.203       0.207       0.208       0.217       0.226       0.228       0.231
    CX3              0.199       0.202       0.203       0.212       0.221       0.222       0.225
    CY1              0.096       0.097       0.098       0.102       0.106       0.107       0.108
    CY2              0.097       0.098       0.099       0.103       0.107       0.108       0.110
    CY3              0.106       0.108       0.108       0.113       0.118       0.118       0.120
    FX2              0.400       0.412       0.418       0.448       0.479       0.485       0.497
    FX3              0.407       0.419       0.424       0.455       0.485       0.491       0.502
    FY2              0.473       0.482       0.487       0.511       0.536       0.541       0.550
    FY3              0.467       0.476       0.481       0.506       0.531       0.536       0.545


TECHNICAL 1 OUTPUT


     PARAMETER SPECIFICATION


           NU
              CX1           CX2           CX3           CY1           CY2
              ________      ________      ________      ________      ________
                  1             2             3             4             5


           NU
              CY3
              ________
                  6


           LAMBDA
              FX1           FX2           FX3           FY1           FY2
              ________      ________      ________      ________      ________
 CX1                0             0             0             0             0
 CX2                0             0             0             0             0
 CX3                0             0             0             0             0
 CY1                0             0             0             0             0
 CY2                0             0             0             0             0
 CY3                0             0             0             0             0


           LAMBDA
              FY3
              ________
 CX1                0
 CX2                0
 CX3                0
 CY1                0
 CY2                0
 CY3                0


           THETA
              CX1           CX2           CX3           CY1           CY2
              ________      ________      ________      ________      ________
 CX1                0
 CX2                0             0
 CX3                0             0             0
 CY1                0             0             0             0
 CY2                0             0             0             0             0
 CY3                0             0             0             0             0


           THETA
              CY3
              ________
 CY3                0


           ALPHA
              FX1           FX2           FX3           FY1           FY2
              ________      ________      ________      ________      ________
                  0             0             0             0             0


           ALPHA
              FY3
              ________
                  0


           BETA
              FX1           FX2           FX3           FY1           FY2
              ________      ________      ________      ________      ________
 FX1                0             0             0             0             0
 FX2                7             0             0             8             0
 FX3                0             9             0             0            10
 FY1                0             0             0             0             0
 FY2               11             0             0            12             0
 FY3                0            13             0             0            14


           BETA
              FY3
              ________
 FX1                0
 FX2                0
 FX3                0
 FY1                0
 FY2                0
 FY3                0


           PSI
              FX1           FX2           FX3           FY1           FY2
              ________      ________      ________      ________      ________
 FX1               15
 FX2                0            16
 FX3                0             0            17
 FY1               18             0             0            19
 FY2                0            20             0             0            21
 FY3                0             0            22             0             0


           PSI
              FY3
              ________
 FY3               23


     STARTING VALUES


           NU
              CX1           CX2           CX3           CY1           CY2
              ________      ________      ________      ________      ________
               16.849        16.545        16.351        24.986        25.722


           NU
              CY3
              ________
               25.899


           LAMBDA
              FX1           FX2           FX3           FY1           FY2
              ________      ________      ________      ________      ________
 CX1            1.000         0.000         0.000         0.000         0.000
 CX2            0.000         1.000         0.000         0.000         0.000
 CX3            0.000         0.000         1.000         0.000         0.000
 CY1            0.000         0.000         0.000         1.000         0.000
 CY2            0.000         0.000         0.000         0.000         1.000
 CY3            0.000         0.000         0.000         0.000         0.000


           LAMBDA
              FY3
              ________
 CX1            0.000
 CX2            0.000
 CX3            0.000
 CY1            0.000
 CY2            0.000
 CY3            1.000


           THETA
              CX1           CX2           CX3           CY1           CY2
              ________      ________      ________      ________      ________
 CX1            4.768
 CX2            0.000         4.607
 CX3            0.000         0.000         4.709
 CY1            0.000         0.000         0.000         5.946
 CY2            0.000         0.000         0.000         0.000         5.563
 CY3            0.000         0.000         0.000         0.000         0.000


           THETA
              CY3
              ________
 CY3            5.873


           ALPHA
              FX1           FX2           FX3           FY1           FY2
              ________      ________      ________      ________      ________
                0.000         0.000         0.000         0.000         0.000


           ALPHA
              FY3
              ________
                0.000


           BETA
              FX1           FX2           FX3           FY1           FY2
              ________      ________      ________      ________      ________
 FX1            0.000         0.000         0.000         0.000         0.000
 FX2            0.000         0.000         0.000         0.000         0.000
 FX3            0.000         0.000         0.000         0.000         0.000
 FY1            0.000         0.000         0.000         0.000         0.000
 FY2            0.000         0.000         0.000         0.000         0.000
 FY3            0.000         0.000         0.000         0.000         0.000


           BETA
              FY3
              ________
 FX1            0.000
 FX2            0.000
 FX3            0.000
 FY1            0.000
 FY2            0.000
 FY3            0.000


           PSI
              FX1           FX2           FX3           FY1           FY2
              ________      ________      ________      ________      ________
 FX1            0.050
 FX2            0.000         0.050
 FX3            0.000         0.000         0.050
 FY1            0.000         0.000         0.000         0.050
 FY2            0.000         0.000         0.000         0.000         0.050
 FY3            0.000         0.000         0.000         0.000         0.000


           PSI
              FY3
              ________
 FY3            0.050


DIAGRAM INFORMATION

  Use View Diagram under the Diagram menu in the Mplus Editor to view the diagram.
  If running Mplus from the Mplus Diagrammer, the diagram opens automatically.

  Diagram output
    c:\users\wqemi\onedrive - florida state university\myfsu_onedrive\documents\fsu\dissertation\applied data for illust

     Beginning Time:  21:37:51
        Ending Time:  21:37:51
       Elapsed Time:  00:00:00



MUTHEN & MUTHEN
3463 Stoner Ave.
Los Angeles, CA  90066

Tel: (310) 391-9971
Fax: (310) 391-8971
Web: www.StatModel.com
Support: Support@StatModel.com

Copyright (c) 1998-2023 Muthen & Muthen
